<?xml version="1.0" encoding="UTF-8"?>
<testsuite xmlns:xsi="http://www.w3.org/2001/XMLSchema-instance" xsi:noNamespaceSchemaLocation="https://maven.apache.org/surefire/maven-surefire-plugin/xsd/surefire-test-report-3.0.xsd" version="3.0" name="org.junit.app.ejemplos.models.CuentaTest$CuentaTestDev$PruebasParametrizadasTest" time="0.117" tests="31" errors="0" skipped="1" failures="4">
  <properties>
[...]
</properties>
  <testcase name="testSaldoCuentaDev" classname="org.junit.app.ejemplos.models.CuentaTest$CuentaTestDev" time="0.0">
    <skipped type="org.opentest4j.TestAbortedException"><![CDATA[org.opentest4j.TestAbortedException: Assumption failed: assumption is not true
	at org.junit.jupiter.api.Assumptions.throwAssumptionFailed(Assumptions.java:316)
	at org.junit.jupiter.api.Assumptions.assumeTrue(Assumptions.java:115)
	at org.junit.jupiter.api.Assumptions.assumeTrue(Assumptions.java:66)
	at org.junit.app.ejemplos.models.CuentaTest$CuentaTestDev.testSaldoCuentaDev(CuentaTest.java:245)
	at java.base/java.lang.reflect.Method.invoke(Method.java:578)
	at java.base/java.util.ArrayList.forEach(ArrayList.java:1511)
	at java.base/java.util.ArrayList.forEach(ArrayList.java:1511)
	at java.base/java.util.ArrayList.forEach(ArrayList.java:1511)
]]></skipped>
    <system-out><![CDATA[iniciando el methodo
finalizando el metodo de prueba
]]></system-out>
  </testcase>
  <testcase name="testSaldoCuentaDev2" classname="org.junit.app.ejemplos.models.CuentaTest$CuentaTestDev" time="0.002">
    <system-out><![CDATA[iniciando el methodo
finalizando el metodo de prueba
]]></system-out>
  </testcase>
  <testcase name="testDebitoCuentaMethodSource(String)[1]" classname="org.junit.app.ejemplos.models.CuentaTest$CuentaTestDev" time="0.03">
    <system-out><![CDATA[iniciando el methodo
finalizando el metodo de prueba
]]></system-out>
  </testcase>
  <testcase name="testDebitoCuentaMethodSource(String)[2]" classname="org.junit.app.ejemplos.models.CuentaTest$CuentaTestDev" time="0.001">
    <system-out><![CDATA[iniciando el methodo
finalizando el metodo de prueba
]]></system-out>
  </testcase>
  <testcase name="testDebitoCuentaMethodSource(String)[3]" classname="org.junit.app.ejemplos.models.CuentaTest$CuentaTestDev" time="0.002">
    <system-out><![CDATA[iniciando el methodo
finalizando el metodo de prueba
]]></system-out>
  </testcase>
  <testcase name="testDebitoCuentaMethodSource(String)[4]" classname="org.junit.app.ejemplos.models.CuentaTest$CuentaTestDev" time="0.002">
    <system-out><![CDATA[iniciando el methodo
finalizando el metodo de prueba
]]></system-out>
  </testcase>
  <testcase name="testDebitoCuentaMethodSource(String)[5]" classname="org.junit.app.ejemplos.models.CuentaTest$CuentaTestDev" time="0.002">
    <system-out><![CDATA[iniciando el methodo
finalizando el metodo de prueba
]]></system-out>
  </testcase>
  <testcase name="testDebitoCuentaMethodSource(String)[6]" classname="org.junit.app.ejemplos.models.CuentaTest$CuentaTestDev" time="0.001">
    <system-out><![CDATA[iniciando el methodo
finalizando el metodo de prueba
]]></system-out>
  </testcase>
  <testcase name="testDebitoCuentaRepetir(RepetitionInfo)[1]" classname="org.junit.app.ejemplos.models.CuentaTest$CuentaTestDev" time="0.008">
    <system-out><![CDATA[iniciando el methodo
finalizando el metodo de prueba
]]></system-out>
  </testcase>
  <testcase name="testDebitoCuentaRepetir(RepetitionInfo)[2]" classname="org.junit.app.ejemplos.models.CuentaTest$CuentaTestDev" time="0.002">
    <system-out><![CDATA[iniciando el methodo
finalizando el metodo de prueba
]]></system-out>
  </testcase>
  <testcase name="testDebitoCuentaRepetir(RepetitionInfo)[3]" classname="org.junit.app.ejemplos.models.CuentaTest$CuentaTestDev" time="0.013">
    <system-out><![CDATA[iniciando el methodo
estamos en la repeticion 3
finalizando el metodo de prueba
]]></system-out>
  </testcase>
  <testcase name="testDebitoCuentaRepetir(RepetitionInfo)[4]" classname="org.junit.app.ejemplos.models.CuentaTest$CuentaTestDev" time="0.001">
    <system-out><![CDATA[iniciando el methodo
finalizando el metodo de prueba
]]></system-out>
  </testcase>
  <testcase name="testDebitoCuentaRepetir(RepetitionInfo)[5]" classname="org.junit.app.ejemplos.models.CuentaTest$CuentaTestDev" time="0.002">
    <system-out><![CDATA[iniciando el methodo
finalizando el metodo de prueba
]]></system-out>
  </testcase>
  <testcase name="testDebitoCuentaCsvSource2(String, String, String, String)[1]" classname="org.junit.app.ejemplos.models.CuentaTest$CuentaTestDev$PruebasParametrizadasTest" time="0.011">
    <failure message="expected: &lt;John&gt; but was: &lt;Andres&gt;" type="org.opentest4j.AssertionFailedError"><![CDATA[org.opentest4j.AssertionFailedError: expected: <John> but was: <Andres>
	at org.junit.jupiter.api.AssertionFailureBuilder.build(AssertionFailureBuilder.java:151)
	at org.junit.jupiter.api.AssertionFailureBuilder.buildAndThrow(AssertionFailureBuilder.java:132)
	at org.junit.jupiter.api.AssertEquals.failNotEqual(AssertEquals.java:197)
	at org.junit.jupiter.api.AssertEquals.assertEquals(AssertEquals.java:182)
	at org.junit.jupiter.api.AssertEquals.assertEquals(AssertEquals.java:177)
	at org.junit.jupiter.api.Assertions.assertEquals(Assertions.java:1145)
	at org.junit.app.ejemplos.models.CuentaTest$CuentaTestDev$PruebasParametrizadasTest.testDebitoCuentaCsvSource2(CuentaTest.java:310)
	at java.base/java.lang.reflect.Method.invoke(Method.java:578)
	at java.base/java.util.stream.ForEachOps$ForEachOp$OfRef.accept(ForEachOps.java:183)
	at java.base/java.util.stream.ReferencePipeline$3$1.accept(ReferencePipeline.java:197)
	at java.base/java.util.stream.ReferencePipeline$2$1.accept(ReferencePipeline.java:179)
	at java.base/java.util.stream.ReferencePipeline$3$1.accept(ReferencePipeline.java:197)
	at java.base/java.util.stream.ForEachOps$ForEachOp$OfRef.accept(ForEachOps.java:183)
	at java.base/java.util.stream.ReferencePipeline$3$1.accept(ReferencePipeline.java:197)
	at java.base/java.util.stream.ReferencePipeline$3$1.accept(ReferencePipeline.java:197)
	at java.base/java.util.stream.ReferencePipeline$3$1.accept(ReferencePipeline.java:197)
	at java.base/java.util.ArrayList$ArrayListSpliterator.forEachRemaining(ArrayList.java:1625)
	at java.base/java.util.stream.ReferencePipeline$Head.forEach(ReferencePipeline.java:762)
	at java.base/java.util.stream.ReferencePipeline$7$1.accept(ReferencePipeline.java:276)
	at java.base/java.util.stream.ReferencePipeline$3$1.accept(ReferencePipeline.java:197)
	at java.base/java.util.stream.ReferencePipeline$3$1.accept(ReferencePipeline.java:197)
	at java.base/java.util.stream.ReferencePipeline$3$1.accept(ReferencePipeline.java:197)
	at java.base/java.util.ArrayList$ArrayListSpliterator.forEachRemaining(ArrayList.java:1625)
	at java.base/java.util.stream.AbstractPipeline.copyInto(AbstractPipeline.java:509)
	at java.base/java.util.stream.AbstractPipeline.wrapAndCopyInto(AbstractPipeline.java:499)
	at java.base/java.util.stream.ForEachOps$ForEachOp.evaluateSequential(ForEachOps.java:150)
	at java.base/java.util.stream.ForEachOps$ForEachOp$OfRef.evaluateSequential(ForEachOps.java:173)
	at java.base/java.util.stream.AbstractPipeline.evaluate(AbstractPipeline.java:234)
	at java.base/java.util.stream.ReferencePipeline.forEach(ReferencePipeline.java:596)
	at java.base/java.util.stream.ReferencePipeline$7$1.accept(ReferencePipeline.java:276)
	at java.base/java.util.ArrayList$ArrayListSpliterator.forEachRemaining(ArrayList.java:1625)
	at java.base/java.util.stream.AbstractPipeline.copyInto(AbstractPipeline.java:509)
	at java.base/java.util.stream.AbstractPipeline.wrapAndCopyInto(AbstractPipeline.java:499)
	at java.base/java.util.stream.ForEachOps$ForEachOp.evaluateSequential(ForEachOps.java:150)
	at java.base/java.util.stream.ForEachOps$ForEachOp$OfRef.evaluateSequential(ForEachOps.java:173)
	at java.base/java.util.stream.AbstractPipeline.evaluate(AbstractPipeline.java:234)
	at java.base/java.util.stream.ReferencePipeline.forEach(ReferencePipeline.java:596)
	at java.base/java.util.ArrayList.forEach(ArrayList.java:1511)
	at java.base/java.util.ArrayList.forEach(ArrayList.java:1511)
	at java.base/java.util.ArrayList.forEach(ArrayList.java:1511)
	at java.base/java.util.ArrayList.forEach(ArrayList.java:1511)
]]></failure>
    <system-out><![CDATA[iniciando el methodo
200 -> 100
finalizando el metodo de prueba
]]></system-out>
  </testcase>
  <testcase name="testDebitoCuentaCsvSource2(String, String, String, String)[2]" classname="org.junit.app.ejemplos.models.CuentaTest$CuentaTestDev$PruebasParametrizadasTest" time="0.001">
    <system-out><![CDATA[iniciando el methodo
250 -> 200
finalizando el metodo de prueba
]]></system-out>
  </testcase>
  <testcase name="testDebitoCuentaCsvSource2(String, String, String, String)[3]" classname="org.junit.app.ejemplos.models.CuentaTest$CuentaTestDev$PruebasParametrizadasTest" time="0.004">
    <failure message="expected: &lt;maria&gt; but was: &lt;Maria&gt;" type="org.opentest4j.AssertionFailedError"><![CDATA[org.opentest4j.AssertionFailedError: expected: <maria> but was: <Maria>
	at org.junit.jupiter.api.AssertionFailureBuilder.build(AssertionFailureBuilder.java:151)
	at org.junit.jupiter.api.AssertionFailureBuilder.buildAndThrow(AssertionFailureBuilder.java:132)
	at org.junit.jupiter.api.AssertEquals.failNotEqual(AssertEquals.java:197)
	at org.junit.jupiter.api.AssertEquals.assertEquals(AssertEquals.java:182)
	at org.junit.jupiter.api.AssertEquals.assertEquals(AssertEquals.java:177)
	at org.junit.jupiter.api.Assertions.assertEquals(Assertions.java:1145)
	at org.junit.app.ejemplos.models.CuentaTest$CuentaTestDev$PruebasParametrizadasTest.testDebitoCuentaCsvSource2(CuentaTest.java:310)
	at java.base/java.lang.reflect.Method.invoke(Method.java:578)
	at java.base/java.util.stream.ForEachOps$ForEachOp$OfRef.accept(ForEachOps.java:183)
	at java.base/java.util.stream.ReferencePipeline$3$1.accept(ReferencePipeline.java:197)
	at java.base/java.util.stream.ReferencePipeline$2$1.accept(ReferencePipeline.java:179)
	at java.base/java.util.stream.ReferencePipeline$3$1.accept(ReferencePipeline.java:197)
	at java.base/java.util.stream.ForEachOps$ForEachOp$OfRef.accept(ForEachOps.java:183)
	at java.base/java.util.stream.ReferencePipeline$3$1.accept(ReferencePipeline.java:197)
	at java.base/java.util.stream.ReferencePipeline$3$1.accept(ReferencePipeline.java:197)
	at java.base/java.util.stream.ReferencePipeline$3$1.accept(ReferencePipeline.java:197)
	at java.base/java.util.ArrayList$ArrayListSpliterator.forEachRemaining(ArrayList.java:1625)
	at java.base/java.util.stream.ReferencePipeline$Head.forEach(ReferencePipeline.java:762)
	at java.base/java.util.stream.ReferencePipeline$7$1.accept(ReferencePipeline.java:276)
	at java.base/java.util.stream.ReferencePipeline$3$1.accept(ReferencePipeline.java:197)
	at java.base/java.util.stream.ReferencePipeline$3$1.accept(ReferencePipeline.java:197)
	at java.base/java.util.stream.ReferencePipeline$3$1.accept(ReferencePipeline.java:197)
	at java.base/java.util.ArrayList$ArrayListSpliterator.forEachRemaining(ArrayList.java:1625)
	at java.base/java.util.stream.AbstractPipeline.copyInto(AbstractPipeline.java:509)
	at java.base/java.util.stream.AbstractPipeline.wrapAndCopyInto(AbstractPipeline.java:499)
	at java.base/java.util.stream.ForEachOps$ForEachOp.evaluateSequential(ForEachOps.java:150)
	at java.base/java.util.stream.ForEachOps$ForEachOp$OfRef.evaluateSequential(ForEachOps.java:173)
	at java.base/java.util.stream.AbstractPipeline.evaluate(AbstractPipeline.java:234)
	at java.base/java.util.stream.ReferencePipeline.forEach(ReferencePipeline.java:596)
	at java.base/java.util.stream.ReferencePipeline$7$1.accept(ReferencePipeline.java:276)
	at java.base/java.util.ArrayList$ArrayListSpliterator.forEachRemaining(ArrayList.java:1625)
	at java.base/java.util.stream.AbstractPipeline.copyInto(AbstractPipeline.java:509)
	at java.base/java.util.stream.AbstractPipeline.wrapAndCopyInto(AbstractPipeline.java:499)
	at java.base/java.util.stream.ForEachOps$ForEachOp.evaluateSequential(ForEachOps.java:150)
	at java.base/java.util.stream.ForEachOps$ForEachOp$OfRef.evaluateSequential(ForEachOps.java:173)
	at java.base/java.util.stream.AbstractPipeline.evaluate(AbstractPipeline.java:234)
	at java.base/java.util.stream.ReferencePipeline.forEach(ReferencePipeline.java:596)
	at java.base/java.util.ArrayList.forEach(ArrayList.java:1511)
	at java.base/java.util.ArrayList.forEach(ArrayList.java:1511)
	at java.base/java.util.ArrayList.forEach(ArrayList.java:1511)
	at java.base/java.util.ArrayList.forEach(ArrayList.java:1511)
]]></failure>
    <system-out><![CDATA[iniciando el methodo
300 -> 300
finalizando el metodo de prueba
]]></system-out>
  </testcase>
  <testcase name="testDebitoCuentaCsvSource2(String, String, String, String)[4]" classname="org.junit.app.ejemplos.models.CuentaTest$CuentaTestDev$PruebasParametrizadasTest" time="0.001">
    <system-out><![CDATA[iniciando el methodo
510 -> 500
finalizando el metodo de prueba
]]></system-out>
  </testcase>
  <testcase name="testDebitoCuentaCsvSource2(String, String, String, String)[5]" classname="org.junit.app.ejemplos.models.CuentaTest$CuentaTestDev$PruebasParametrizadasTest" time="0.002">
    <failure message="expected: &lt;Lucas&gt; but was: &lt;Luca&gt;" type="org.opentest4j.AssertionFailedError"><![CDATA[org.opentest4j.AssertionFailedError: expected: <Lucas> but was: <Luca>
	at org.junit.jupiter.api.AssertionFailureBuilder.build(AssertionFailureBuilder.java:151)
	at org.junit.jupiter.api.AssertionFailureBuilder.buildAndThrow(AssertionFailureBuilder.java:132)
	at org.junit.jupiter.api.AssertEquals.failNotEqual(AssertEquals.java:197)
	at org.junit.jupiter.api.AssertEquals.assertEquals(AssertEquals.java:182)
	at org.junit.jupiter.api.AssertEquals.assertEquals(AssertEquals.java:177)
	at org.junit.jupiter.api.Assertions.assertEquals(Assertions.java:1145)
	at org.junit.app.ejemplos.models.CuentaTest$CuentaTestDev$PruebasParametrizadasTest.testDebitoCuentaCsvSource2(CuentaTest.java:310)
	at java.base/java.lang.reflect.Method.invoke(Method.java:578)
	at java.base/java.util.stream.ForEachOps$ForEachOp$OfRef.accept(ForEachOps.java:183)
	at java.base/java.util.stream.ReferencePipeline$3$1.accept(ReferencePipeline.java:197)
	at java.base/java.util.stream.ReferencePipeline$2$1.accept(ReferencePipeline.java:179)
	at java.base/java.util.stream.ReferencePipeline$3$1.accept(ReferencePipeline.java:197)
	at java.base/java.util.stream.ForEachOps$ForEachOp$OfRef.accept(ForEachOps.java:183)
	at java.base/java.util.stream.ReferencePipeline$3$1.accept(ReferencePipeline.java:197)
	at java.base/java.util.stream.ReferencePipeline$3$1.accept(ReferencePipeline.java:197)
	at java.base/java.util.stream.ReferencePipeline$3$1.accept(ReferencePipeline.java:197)
	at java.base/java.util.ArrayList$ArrayListSpliterator.forEachRemaining(ArrayList.java:1625)
	at java.base/java.util.stream.ReferencePipeline$Head.forEach(ReferencePipeline.java:762)
	at java.base/java.util.stream.ReferencePipeline$7$1.accept(ReferencePipeline.java:276)
	at java.base/java.util.stream.ReferencePipeline$3$1.accept(ReferencePipeline.java:197)
	at java.base/java.util.stream.ReferencePipeline$3$1.accept(ReferencePipeline.java:197)
	at java.base/java.util.stream.ReferencePipeline$3$1.accept(ReferencePipeline.java:197)
	at java.base/java.util.ArrayList$ArrayListSpliterator.forEachRemaining(ArrayList.java:1625)
	at java.base/java.util.stream.AbstractPipeline.copyInto(AbstractPipeline.java:509)
	at java.base/java.util.stream.AbstractPipeline.wrapAndCopyInto(AbstractPipeline.java:499)
	at java.base/java.util.stream.ForEachOps$ForEachOp.evaluateSequential(ForEachOps.java:150)
	at java.base/java.util.stream.ForEachOps$ForEachOp$OfRef.evaluateSequential(ForEachOps.java:173)
	at java.base/java.util.stream.AbstractPipeline.evaluate(AbstractPipeline.java:234)
	at java.base/java.util.stream.ReferencePipeline.forEach(ReferencePipeline.java:596)
	at java.base/java.util.stream.ReferencePipeline$7$1.accept(ReferencePipeline.java:276)
	at java.base/java.util.ArrayList$ArrayListSpliterator.forEachRemaining(ArrayList.java:1625)
	at java.base/java.util.stream.AbstractPipeline.copyInto(AbstractPipeline.java:509)
	at java.base/java.util.stream.AbstractPipeline.wrapAndCopyInto(AbstractPipeline.java:499)
	at java.base/java.util.stream.ForEachOps$ForEachOp.evaluateSequential(ForEachOps.java:150)
	at java.base/java.util.stream.ForEachOps$ForEachOp$OfRef.evaluateSequential(ForEachOps.java:173)
	at java.base/java.util.stream.AbstractPipeline.evaluate(AbstractPipeline.java:234)
	at java.base/java.util.stream.ReferencePipeline.forEach(ReferencePipeline.java:596)
	at java.base/java.util.ArrayList.forEach(ArrayList.java:1511)
	at java.base/java.util.ArrayList.forEach(ArrayList.java:1511)
	at java.base/java.util.ArrayList.forEach(ArrayList.java:1511)
	at java.base/java.util.ArrayList.forEach(ArrayList.java:1511)
]]></failure>
    <system-out><![CDATA[iniciando el methodo
750 -> 700
finalizando el metodo de prueba
]]></system-out>
  </testcase>
  <testcase name="testDebitoCuentaCsvSource2(String, String, String, String)[6]" classname="org.junit.app.ejemplos.models.CuentaTest$CuentaTestDev$PruebasParametrizadasTest" time="0.003">
    <failure message="expected: &lt;true&gt; but was: &lt;false&gt;" type="org.opentest4j.AssertionFailedError"><![CDATA[org.opentest4j.AssertionFailedError: expected: <true> but was: <false>
	at org.junit.jupiter.api.AssertionFailureBuilder.build(AssertionFailureBuilder.java:151)
	at org.junit.jupiter.api.AssertionFailureBuilder.buildAndThrow(AssertionFailureBuilder.java:132)
	at org.junit.jupiter.api.AssertTrue.failNotTrue(AssertTrue.java:63)
	at org.junit.jupiter.api.AssertTrue.assertTrue(AssertTrue.java:36)
	at org.junit.jupiter.api.AssertTrue.assertTrue(AssertTrue.java:31)
	at org.junit.jupiter.api.Assertions.assertTrue(Assertions.java:183)
	at org.junit.app.ejemplos.models.CuentaTest$CuentaTestDev$PruebasParametrizadasTest.testDebitoCuentaCsvSource2(CuentaTest.java:311)
	at java.base/java.lang.reflect.Method.invoke(Method.java:578)
	at java.base/java.util.stream.ForEachOps$ForEachOp$OfRef.accept(ForEachOps.java:183)
	at java.base/java.util.stream.ReferencePipeline$3$1.accept(ReferencePipeline.java:197)
	at java.base/java.util.stream.ReferencePipeline$2$1.accept(ReferencePipeline.java:179)
	at java.base/java.util.stream.ReferencePipeline$3$1.accept(ReferencePipeline.java:197)
	at java.base/java.util.stream.ForEachOps$ForEachOp$OfRef.accept(ForEachOps.java:183)
	at java.base/java.util.stream.ReferencePipeline$3$1.accept(ReferencePipeline.java:197)
	at java.base/java.util.stream.ReferencePipeline$3$1.accept(ReferencePipeline.java:197)
	at java.base/java.util.stream.ReferencePipeline$3$1.accept(ReferencePipeline.java:197)
	at java.base/java.util.ArrayList$ArrayListSpliterator.forEachRemaining(ArrayList.java:1625)
	at java.base/java.util.stream.ReferencePipeline$Head.forEach(ReferencePipeline.java:762)
	at java.base/java.util.stream.ReferencePipeline$7$1.accept(ReferencePipeline.java:276)
	at java.base/java.util.stream.ReferencePipeline$3$1.accept(ReferencePipeline.java:197)
	at java.base/java.util.stream.ReferencePipeline$3$1.accept(ReferencePipeline.java:197)
	at java.base/java.util.stream.ReferencePipeline$3$1.accept(ReferencePipeline.java:197)
	at java.base/java.util.ArrayList$ArrayListSpliterator.forEachRemaining(ArrayList.java:1625)
	at java.base/java.util.stream.AbstractPipeline.copyInto(AbstractPipeline.java:509)
	at java.base/java.util.stream.AbstractPipeline.wrapAndCopyInto(AbstractPipeline.java:499)
	at java.base/java.util.stream.ForEachOps$ForEachOp.evaluateSequential(ForEachOps.java:150)
	at java.base/java.util.stream.ForEachOps$ForEachOp$OfRef.evaluateSequential(ForEachOps.java:173)
	at java.base/java.util.stream.AbstractPipeline.evaluate(AbstractPipeline.java:234)
	at java.base/java.util.stream.ReferencePipeline.forEach(ReferencePipeline.java:596)
	at java.base/java.util.stream.ReferencePipeline$7$1.accept(ReferencePipeline.java:276)
	at java.base/java.util.ArrayList$ArrayListSpliterator.forEachRemaining(ArrayList.java:1625)
	at java.base/java.util.stream.AbstractPipeline.copyInto(AbstractPipeline.java:509)
	at java.base/java.util.stream.AbstractPipeline.wrapAndCopyInto(AbstractPipeline.java:499)
	at java.base/java.util.stream.ForEachOps$ForEachOp.evaluateSequential(ForEachOps.java:150)
	at java.base/java.util.stream.ForEachOps$ForEachOp$OfRef.evaluateSequential(ForEachOps.java:173)
	at java.base/java.util.stream.AbstractPipeline.evaluate(AbstractPipeline.java:234)
	at java.base/java.util.stream.ReferencePipeline.forEach(ReferencePipeline.java:596)
	at java.base/java.util.ArrayList.forEach(ArrayList.java:1511)
	at java.base/java.util.ArrayList.forEach(ArrayList.java:1511)
	at java.base/java.util.ArrayList.forEach(ArrayList.java:1511)
	at java.base/java.util.ArrayList.forEach(ArrayList.java:1511)
]]></failure>
    <system-out><![CDATA[iniciando el methodo
1000 -> 1000
finalizando el metodo de prueba
]]></system-out>
  </testcase>
  <testcase name="testDebitoCuentaCsvSource(String, String)[1]" classname="org.junit.app.ejemplos.models.CuentaTest$CuentaTestDev$PruebasParametrizadasTest" time="0.002">
    <system-out><![CDATA[iniciando el methodo
1 -> 100
finalizando el metodo de prueba
]]></system-out>
  </testcase>
  <testcase name="testDebitoCuentaCsvSource(String, String)[2]" classname="org.junit.app.ejemplos.models.CuentaTest$CuentaTestDev$PruebasParametrizadasTest" time="0.002">
    <system-out><![CDATA[iniciando el methodo
2 -> 200
finalizando el metodo de prueba
]]></system-out>
  </testcase>
  <testcase name="testDebitoCuentaCsvSource(String, String)[3]" classname="org.junit.app.ejemplos.models.CuentaTest$CuentaTestDev$PruebasParametrizadasTest" time="0.002">
    <system-out><![CDATA[iniciando el methodo
3 -> 300
finalizando el metodo de prueba
]]></system-out>
  </testcase>
  <testcase name="testDebitoCuentaCsvSource(String, String)[4]" classname="org.junit.app.ejemplos.models.CuentaTest$CuentaTestDev$PruebasParametrizadasTest" time="0.001">
    <system-out><![CDATA[iniciando el methodo
4 -> 500
finalizando el metodo de prueba
]]></system-out>
  </testcase>
  <testcase name="testDebitoCuentaCsvSource(String, String)[5]" classname="org.junit.app.ejemplos.models.CuentaTest$CuentaTestDev$PruebasParametrizadasTest" time="0.001">
    <system-out><![CDATA[iniciando el methodo
5 -> 700
finalizando el metodo de prueba
]]></system-out>
  </testcase>
  <testcase name="testDebitoCuentaCsvSource(String, String)[6]" classname="org.junit.app.ejemplos.models.CuentaTest$CuentaTestDev$PruebasParametrizadasTest" time="0.001">
    <system-out><![CDATA[iniciando el methodo
6 -> 1000
finalizando el metodo de prueba
]]></system-out>
  </testcase>
  <testcase name="testDebitoCuentaValueSource(String)[1]" classname="org.junit.app.ejemplos.models.CuentaTest$CuentaTestDev$PruebasParametrizadasTest" time="0.001">
    <system-out><![CDATA[iniciando el methodo
finalizando el metodo de prueba
]]></system-out>
  </testcase>
  <testcase name="testDebitoCuentaValueSource(String)[2]" classname="org.junit.app.ejemplos.models.CuentaTest$CuentaTestDev$PruebasParametrizadasTest" time="0.001">
    <system-out><![CDATA[iniciando el methodo
finalizando el metodo de prueba
]]></system-out>
  </testcase>
  <testcase name="testDebitoCuentaValueSource(String)[3]" classname="org.junit.app.ejemplos.models.CuentaTest$CuentaTestDev$PruebasParametrizadasTest" time="0.001">
    <system-out><![CDATA[iniciando el methodo
finalizando el metodo de prueba
]]></system-out>
  </testcase>
  <testcase name="testDebitoCuentaValueSource(String)[4]" classname="org.junit.app.ejemplos.models.CuentaTest$CuentaTestDev$PruebasParametrizadasTest" time="0.002">
    <system-out><![CDATA[iniciando el methodo
finalizando el metodo de prueba
]]></system-out>
  </testcase>
  <testcase name="testDebitoCuentaValueSource(String)[5]" classname="org.junit.app.ejemplos.models.CuentaTest$CuentaTestDev$PruebasParametrizadasTest" time="0.002">
    <system-out><![CDATA[iniciando el methodo
finalizando el metodo de prueba
]]></system-out>
  </testcase>
  <testcase name="testDebitoCuentaValueSource(String)[6]" classname="org.junit.app.ejemplos.models.CuentaTest$CuentaTestDev$PruebasParametrizadasTest" time="0.001">
    <system-out><![CDATA[iniciando el methodo
finalizando el metodo de prueba
]]></system-out>
  </testcase>
</testsuite>