<?xml version="1.0" encoding="UTF-8"?>
<testsuite xmlns:xsi="http://www.w3.org/2001/XMLSchema-instance" xsi:noNamespaceSchemaLocation="https://maven.apache.org/surefire/maven-surefire-plugin/xsd/surefire-test-report-3.0.xsd" version="3.0" name="org.junit.app.ejemplos.models.CuentaTest$VariableAmbienteTest" time="0.026" tests="4" errors="1" skipped="1" failures="0">
  <properties>
[...]
</properties>
  <testcase name="testProcesadores" classname="org.junit.app.ejemplos.models.CuentaTest$VariableAmbienteTest" time="0.0">
    <skipped message="Environment variable [NUMBER_OF_PROCESSOR] does not exist"/>
  </testcase>
  <testcase name="imprimirVariableAmbiente" classname="org.junit.app.ejemplos.models.CuentaTest$VariableAmbienteTest" time="0.004">
    <system-out><![CDATA[iniciando el methodo
PATH = C:\Program Files\Common Files\Oracle\Java\javapath;C:\Program Files (x86)\Common Files\Oracle\Java\javapath;C:\Windows\system32;C:\Windows;C:\Windows\System32\Wbem;C:\Windows\System32\WindowsPowerShell\v1.0\;C:\Windows\System32\OpenSSH\;C:\Program Files\PuTTY\;C:\Program Files\NVIDIA Corporation\NVIDIA NvDLISR;C:\Program Files (x86)\NVIDIA Corporation\PhysX\Common;C:\Program Files\AutoFirma\AutoFirma;C:\Program Files\nodejs\;C:\Program Files\Git\cmd;C:\Program Files\Docker\Docker\resources\bin;C:\Program Files\MySQL\MySQL Shell 8.0\bin\;C:\Users\GonzaloJG\AppData\Local\Microsoft\WindowsApps;C:\Users\GonzaloJG\AppData\Local\Programs\Microsoft VS Code\bin;C:\Program Files\Java\jdk-11\bin;C:\Users\GonzaloJG\AppData\Roaming\npm;C:\Program Files\apache-maven-3.9.5\bin;
USERDOMAIN_ROAMINGPROFILE = Gonzalo
LOCALAPPDATA = C:\Users\GonzaloJG\AppData\Local
PROCESSOR_LEVEL = 6
SYSTEMDRIVE = C:
COMMONPROGRAMFILES(X86) = C:\Program Files (x86)\Common Files
USERDOMAIN = Gonzalo
FPS_BROWSER_APP_PROFILE_STRING = Internet Explorer
LOGONSERVER = \\GONZALO
JAVA_HOME = C:\Program Files\Java\jdk-11
PROMPT = $P$G
SESSIONNAME = Console
ALLUSERSPROFILE = C:\ProgramData
PROGRAMFILES(X86) = C:\Program Files (x86)
PROCESSOR_ARCHITECTURE = AMD64
DRIVERDATA = C:\Windows\System32\Drivers\DriverData
MAVEN_HOME = C:\Program Files\apache-maven-3.9.5
PROGRAMFILES = C:\Program Files
=C: = C:\Curso-JUnit-Mockito\junit-app
APPDATA = C:\Users\GonzaloJG\AppData\Roaming
PSMODULEPATH = C:\Program Files\WindowsPowerShell\Modules;C:\Windows\system32\WindowsPowerShell\v1.0\Modules
PROGRAMW6432 = C:\Program Files
PROGRAMDATA = C:\ProgramData
SYSTEMROOT = C:\Windows
USERNAME = GonzaloJG
FPS_BROWSER_USER_PROFILE_STRING = Default
ONEDRIVE = C:\Users\GonzaloJG\OneDrive
PATHEXT = .COM;.EXE;.BAT;.CMD;.VBS;.VBE;.JS;.JSE;.WSF;.WSH;.MSC
OS = Windows_NT
COMMONPROGRAMW6432 = C:\Program Files\Common Files
COMPUTERNAME = GONZALO
COMMONPROGRAMFILES = C:\Program Files\Common Files
COMSPEC = C:\Windows\system32\cmd.exe
PROCESSOR_REVISION = 9e0a
WINDIR = C:\Windows
EFC_11624 = 1
HOMEPATH = \Users\GonzaloJG
TEMP = C:\Users\GONZAL~1\AppData\Local\Temp
HOMEDRIVE = C:
PROCESSOR_IDENTIFIER = Intel64 Family 6 Model 158 Stepping 10, GenuineIntel
USERPROFILE = C:\Users\GonzaloJG
TMP = C:\Users\GONZAL~1\AppData\Local\Temp
PUBLIC = C:\Users\Public
NUMBER_OF_PROCESSORS = 12
=:: = ::\
IDEA_INITIAL_DIRECTORY = C:\Users\GonzaloJG\Desktop
ZES_ENABLE_SYSMAN = 1
finalizando el metodo de prueba
]]></system-out>
  </testcase>
  <testcase name="testEnvProdDisabled" classname="org.junit.app.ejemplos.models.CuentaTest$VariableAmbienteTest" time="0.002">
    <system-out><![CDATA[iniciando el methodo
finalizando el metodo de prueba
]]></system-out>
  </testcase>
  <testcase name="testJavaHome" classname="org.junit.app.ejemplos.models.CuentaTest$VariableAmbienteTest" time="0.002">
    <error message="Failed to evaluate condition [org.junit.jupiter.api.condition.EnabledIfEnvironmentVariableCondition]: Unknown character property name {r} near index 4&#10;C:\Program Files\Java\jdk-11&#10;    ^" type="org.junit.jupiter.engine.execution.ConditionEvaluationException"><![CDATA[org.junit.jupiter.engine.execution.ConditionEvaluationException: 
Failed to evaluate condition [org.junit.jupiter.api.condition.EnabledIfEnvironmentVariableCondition]: Unknown character property name {r} near index 4
C:\Program Files\Java\jdk-11
    ^
	at java.base/java.util.stream.ReferencePipeline$3$1.accept(ReferencePipeline.java:197)
	at java.base/java.util.stream.ReferencePipeline$2$1.accept(ReferencePipeline.java:179)
	at java.base/java.util.stream.StreamSpliterators$WrappingSpliterator.tryAdvance(StreamSpliterators.java:300)
	at java.base/java.util.stream.Streams$ConcatSpliterator.tryAdvance(Streams.java:723)
	at java.base/java.util.stream.ReferencePipeline.forEachWithCancel(ReferencePipeline.java:129)
	at java.base/java.util.stream.AbstractPipeline.copyIntoWithCancel(AbstractPipeline.java:527)
	at java.base/java.util.stream.AbstractPipeline.copyInto(AbstractPipeline.java:513)
	at java.base/java.util.stream.AbstractPipeline.wrapAndCopyInto(AbstractPipeline.java:499)
	at java.base/java.util.stream.FindOps$FindOp.evaluateSequential(FindOps.java:150)
	at java.base/java.util.stream.AbstractPipeline.evaluate(AbstractPipeline.java:234)
	at java.base/java.util.stream.ReferencePipeline.findFirst(ReferencePipeline.java:647)
	at java.base/java.util.ArrayList.forEach(ArrayList.java:1511)
	at java.base/java.util.ArrayList.forEach(ArrayList.java:1511)
	at java.base/java.util.ArrayList.forEach(ArrayList.java:1511)
Caused by: java.util.regex.PatternSyntaxException: Unknown character property name {r} near index 4
C:\Program Files\Java\jdk-11
    ^
	at java.base/java.util.regex.Pattern.error(Pattern.java:2064)
	at java.base/java.util.regex.Pattern.family(Pattern.java:2948)
	at java.base/java.util.regex.Pattern.sequence(Pattern.java:2192)
	at java.base/java.util.regex.Pattern.expr(Pattern.java:2105)
	at java.base/java.util.regex.Pattern.compile(Pattern.java:1805)
	at java.base/java.util.regex.Pattern.<init>(Pattern.java:1452)
	at java.base/java.util.regex.Pattern.compile(Pattern.java:1091)
	at java.base/java.util.regex.Pattern.matches(Pattern.java:1196)
	at java.base/java.lang.String.matches(String.java:2855)
	at java.base/java.util.stream.ReferencePipeline$3$1.accept(ReferencePipeline.java:197)
	at java.base/java.util.ArrayList$ArrayListSpliterator.tryAdvance(ArrayList.java:1602)
	at java.base/java.util.stream.ReferencePipeline.forEachWithCancel(ReferencePipeline.java:129)
	at java.base/java.util.stream.AbstractPipeline.copyIntoWithCancel(AbstractPipeline.java:527)
	at java.base/java.util.stream.AbstractPipeline.copyInto(AbstractPipeline.java:513)
	at java.base/java.util.stream.AbstractPipeline.wrapAndCopyInto(AbstractPipeline.java:499)
	at java.base/java.util.stream.FindOps$FindOp.evaluateSequential(FindOps.java:150)
	at java.base/java.util.stream.AbstractPipeline.evaluate(AbstractPipeline.java:234)
	at java.base/java.util.stream.ReferencePipeline.findFirst(ReferencePipeline.java:647)
	... 14 more
]]></error>
  </testcase>
</testsuite>