<?xml version="1.0" encoding="UTF-8"?>
<testsuite xmlns:xsi="http://www.w3.org/2001/XMLSchema-instance" xsi:noNamespaceSchemaLocation="https://maven.apache.org/surefire/maven-surefire-plugin/xsd/surefire-test-report-3.0.xsd" version="3.0" name="org.junit.app.ejemplos.models.CuentaTest$SystemPropertiesTest" time="0.008" tests="1" errors="0" skipped="0" failures="0">
  <properties>
[...]
</properties>
  <testcase name="imprimirProperties" classname="org.junit.app.ejemplos.models.CuentaTest$SystemPropertiesTest" time="0.006">
    <system-out><![CDATA[iniciando el methodo
java.specification.version:20
sun.cpu.isalist:amd64
sun.jnu.encoding:Cp1252
java.class.path:C:\Curso-JUnit-Mockito\junit-app\target\test-classes;C:\Curso-JUnit-Mockito\junit-app\target\classes;C:\Users\GonzaloJG\.m2\repository\org\junit\jupiter\junit-jupiter\5.10.1\junit-jupiter-5.10.1.jar;C:\Users\GonzaloJG\.m2\repository\org\junit\jupiter\junit-jupiter-api\5.10.1\junit-jupiter-api-5.10.1.jar;C:\Users\GonzaloJG\.m2\repository\org\opentest4j\opentest4j\1.3.0\opentest4j-1.3.0.jar;C:\Users\GonzaloJG\.m2\repository\org\junit\platform\junit-platform-commons\1.10.1\junit-platform-commons-1.10.1.jar;C:\Users\GonzaloJG\.m2\repository\org\apiguardian\apiguardian-api\1.1.2\apiguardian-api-1.1.2.jar;C:\Users\GonzaloJG\.m2\repository\org\junit\jupiter\junit-jupiter-params\5.10.1\junit-jupiter-params-5.10.1.jar;C:\Users\GonzaloJG\.m2\repository\org\junit\jupiter\junit-jupiter-engine\5.10.1\junit-jupiter-engine-5.10.1.jar;C:\Users\GonzaloJG\.m2\repository\org\junit\platform\junit-platform-engine\1.10.1\junit-platform-engine-1.10.1.jar;C:\Users\GonzaloJG\.m2\repository\org\projectlombok\lombok\1.18.30\lombok-1.18.30.jar;
java.vm.vendor:Oracle Corporation
sun.arch.data.model:64
user.variant:
java.vendor.url:https://java.oracle.com/
user.timezone:Europe/Madrid
java.vm.specification.version:20
os.name:Windows 11
sun.java.launcher:SUN_STANDARD
user.country:ES
sun.boot.library.path:C:\Java\jdk-20.0.1\bin
sun.java.command:C:\Users\GonzaloJG\AppData\Local\Temp\surefire10296473041078288107\surefirebooter-20240414133040644_3.jar C:\Users\GonzaloJG\AppData\Local\Temp\surefire10296473041078288107 2024-04-14T13-30-39_072-jvmRun1 surefire-20240414133040644_1tmp surefire_0-20240414133040644_2tmp
jdk.debug:release
surefire.test.class.path:C:\Curso-JUnit-Mockito\junit-app\target\test-classes;C:\Curso-JUnit-Mockito\junit-app\target\classes;C:\Users\GonzaloJG\.m2\repository\org\junit\jupiter\junit-jupiter\5.10.1\junit-jupiter-5.10.1.jar;C:\Users\GonzaloJG\.m2\repository\org\junit\jupiter\junit-jupiter-api\5.10.1\junit-jupiter-api-5.10.1.jar;C:\Users\GonzaloJG\.m2\repository\org\opentest4j\opentest4j\1.3.0\opentest4j-1.3.0.jar;C:\Users\GonzaloJG\.m2\repository\org\junit\platform\junit-platform-commons\1.10.1\junit-platform-commons-1.10.1.jar;C:\Users\GonzaloJG\.m2\repository\org\apiguardian\apiguardian-api\1.1.2\apiguardian-api-1.1.2.jar;C:\Users\GonzaloJG\.m2\repository\org\junit\jupiter\junit-jupiter-params\5.10.1\junit-jupiter-params-5.10.1.jar;C:\Users\GonzaloJG\.m2\repository\org\junit\jupiter\junit-jupiter-engine\5.10.1\junit-jupiter-engine-5.10.1.jar;C:\Users\GonzaloJG\.m2\repository\org\junit\platform\junit-platform-engine\1.10.1\junit-platform-engine-1.10.1.jar;C:\Users\GonzaloJG\.m2\repository\org\projectlombok\lombok\1.18.30\lombok-1.18.30.jar;
sun.cpu.endian:little
user.home:C:\Users\GonzaloJG
user.language:es
java.specification.vendor:Oracle Corporation
java.version.date:2023-04-18
java.home:C:\Java\jdk-20.0.1
file.separator:\
basedir:C:\Curso-JUnit-Mockito\junit-app
java.vm.compressedOopsMode:Zero based
line.separator:

java.vm.specification.vendor:Oracle Corporation
java.specification.name:Java Platform API Specification
surefire.real.class.path:C:\Users\GonzaloJG\AppData\Local\Temp\surefire10296473041078288107\surefirebooter-20240414133040644_3.jar
user.script:
sun.management.compiler:HotSpot 64-Bit Tiered Compilers
java.runtime.version:20.0.1+9-29
user.name:GonzaloJG
stdout.encoding:Cp1252
path.separator:;
os.version:10.0
java.runtime.name:Java(TM) SE Runtime Environment
file.encoding:UTF-8
java.vm.name:Java HotSpot(TM) 64-Bit Server VM
localRepository:C:\Users\GonzaloJG\.m2\repository
java.vendor.url.bug:https://bugreport.java.com/bugreport/
java.io.tmpdir:C:\Users\GONZAL~1\AppData\Local\Temp\
idea.version:2023.3.1
java.version:20.0.1
user.dir:C:\Curso-JUnit-Mockito\junit-app
os.arch:amd64
java.vm.specification.name:Java Virtual Machine Specification
sun.os.patch.level:
native.encoding:Cp1252
java.library.path:C:\Java\jdk-20.0.1\bin;C:\Windows\Sun\Java\bin;C:\Windows\system32;C:\Windows;C:\Program Files\Common Files\Oracle\Java\javapath;C:\Program Files (x86)\Common Files\Oracle\Java\javapath;C:\Windows\system32;C:\Windows;C:\Windows\System32\Wbem;C:\Windows\System32\WindowsPowerShell\v1.0\;C:\Windows\System32\OpenSSH\;C:\Program Files\PuTTY\;C:\Program Files\NVIDIA Corporation\NVIDIA NvDLISR;C:\Program Files (x86)\NVIDIA Corporation\PhysX\Common;C:\Program Files\AutoFirma\AutoFirma;C:\Program Files\nodejs\;C:\Program Files\Git\cmd;C:\Program Files\Docker\Docker\resources\bin;C:\Program Files\MySQL\MySQL Shell 8.0\bin\;C:\Users\GonzaloJG\AppData\Local\Microsoft\WindowsApps;C:\Users\GonzaloJG\AppData\Local\Programs\Microsoft VS Code\bin;C:\Program Files\Java\jdk-11\bin;C:\Users\GonzaloJG\AppData\Roaming\npm;C:\Program Files\apache-maven-3.9.5\bin;;.
java.vm.info:mixed mode, sharing
stderr.encoding:Cp1252
java.vendor:Oracle Corporation
java.vm.version:20.0.1+9-29
sun.io.unicode.encoding:UnicodeLittle
java.class.version:64.0
finalizando el metodo de prueba
]]></system-out>
  </testcase>
</testsuite>